Files already downloaded and verified
model is defined
model is set to device: use_cuda True, args.mgpu False, agrs.distributed False
skipping parameter gate_in.weight shape: torch.Size([64])
skipping parameter layer1.0.gate1.weight shape: torch.Size([64])
skipping parameter layer1.0.gate2.weight shape: torch.Size([64])
skipping parameter layer1.0.gate3.weight shape: torch.Size([256])
skipping parameter layer1.0.gate_shortcut.weight shape: torch.Size([256])
skipping parameter layer1.1.gate1.weight shape: torch.Size([64])
skipping parameter layer1.1.gate2.weight shape: torch.Size([64])
skipping parameter layer1.1.gate3.weight shape: torch.Size([256])
skipping parameter layer1.2.gate1.weight shape: torch.Size([64])
skipping parameter layer1.2.gate2.weight shape: torch.Size([64])
skipping parameter layer1.2.gate3.weight shape: torch.Size([256])
skipping parameter layer2.0.gate1.weight shape: torch.Size([128])
skipping parameter layer2.0.gate2.weight shape: torch.Size([128])
skipping parameter layer2.0.gate3.weight shape: torch.Size([512])
skipping parameter layer2.0.gate_shortcut.weight shape: torch.Size([512])
skipping parameter layer2.1.gate1.weight shape: torch.Size([128])
skipping parameter layer2.1.gate2.weight shape: torch.Size([128])
skipping parameter layer2.1.gate3.weight shape: torch.Size([512])
skipping parameter layer2.2.gate1.weight shape: torch.Size([128])
skipping parameter layer2.2.gate2.weight shape: torch.Size([128])
skipping parameter layer2.2.gate3.weight shape: torch.Size([512])
skipping parameter layer2.3.gate1.weight shape: torch.Size([128])
skipping parameter layer2.3.gate2.weight shape: torch.Size([128])
skipping parameter layer2.3.gate3.weight shape: torch.Size([512])
skipping parameter layer3.0.gate1.weight shape: torch.Size([256])
skipping parameter layer3.0.gate2.weight shape: torch.Size([256])
skipping parameter layer3.0.gate3.weight shape: torch.Size([1024])
skipping parameter layer3.0.gate_shortcut.weight shape: torch.Size([1024])
skipping parameter layer3.1.gate1.weight shape: torch.Size([256])
skipping parameter layer3.1.gate2.weight shape: torch.Size([256])
skipping parameter layer3.1.gate3.weight shape: torch.Size([1024])
skipping parameter layer3.2.gate1.weight shape: torch.Size([256])
skipping parameter layer3.2.gate2.weight shape: torch.Size([256])
skipping parameter layer3.2.gate3.weight shape: torch.Size([1024])
skipping parameter layer3.3.gate1.weight shape: torch.Size([256])
skipping parameter layer3.3.gate2.weight shape: torch.Size([256])
skipping parameter layer3.3.gate3.weight shape: torch.Size([1024])
skipping parameter layer3.4.gate1.weight shape: torch.Size([256])
skipping parameter layer3.4.gate2.weight shape: torch.Size([256])
skipping parameter layer3.4.gate3.weight shape: torch.Size([1024])
skipping parameter layer3.5.gate1.weight shape: torch.Size([256])
skipping parameter layer3.5.gate2.weight shape: torch.Size([256])
skipping parameter layer3.5.gate3.weight shape: torch.Size([1024])
skipping parameter layer4.0.gate1.weight shape: torch.Size([512])
skipping parameter layer4.0.gate2.weight shape: torch.Size([512])
skipping parameter layer4.0.gate3.weight shape: torch.Size([2048])
skipping parameter layer4.0.gate_shortcut.weight shape: torch.Size([2048])
skipping parameter layer4.1.gate1.weight shape: torch.Size([512])
skipping parameter layer4.1.gate2.weight shape: torch.Size([512])
skipping parameter layer4.1.gate3.weight shape: torch.Size([2048])
skipping parameter layer4.2.gate1.weight shape: torch.Size([512])
skipping parameter layer4.2.gate2.weight shape: torch.Size([512])
skipping parameter layer4.2.gate3.weight shape: torch.Size([2048])
Total number of parameters, w/o usage of bn consts:  23509066
main.py --name=runs/resnet50/resnet50_prune72 --dataset=CIFAR10 --lr=0.001 --lr-decay-every=10 --momentum=0.9 --epochs=25 --batch-size=256 --pruning=True --seed=0 --model=resnet50 --load_model=./models/pretrained/resnet50-19c8e357.pth --mgpu=False --group_wd_coeff=1e-8 --wd=0.0 --tensorboard=True --pruning-method=22 --no_grad_clip=True --pruning_config=./configs/imagenet_resnet50_prune72.json
network structure
Total pruning layers: 53
pruning_engine.load_mask(): did not find mask file, will load nothing
=> loading checkpoint './models/pretrained/resnet50-19c8e357.pth'
conv1.weight torch.Size([64, 3, 3, 3])
gate_in.weight torch.Size([64])
layer1.0.bn1.weight torch.Size([64])
layer1.0.bn1.bias torch.Size([64])
layer1.0.bn1.running_mean torch.Size([64])
layer1.0.bn1.running_var torch.Size([64])
layer1.0.bn1.num_batches_tracked torch.Size([])
layer1.0.conv1.weight torch.Size([64, 64, 1, 1])
layer1.0.bn2.weight torch.Size([64])
layer1.0.bn2.bias torch.Size([64])
layer1.0.bn2.running_mean torch.Size([64])
*********
conv1.weight torch.Size([64, 3, 7, 7])
bn1.running_mean torch.Size([64])
bn1.running_var torch.Size([64])
bn1.weight torch.Size([64])
bn1.bias torch.Size([64])
layer1.0.conv1.weight torch.Size([64, 64, 1, 1])
layer1.0.bn1.running_mean torch.Size([64])
layer1.0.bn1.running_var torch.Size([64])
layer1.0.bn1.weight torch.Size([64])
layer1.0.bn1.bias torch.Size([64])
layer1.0.conv2.weight torch.Size([64, 64, 3, 3])
